<?xml version="1.0" encoding="UTF-8"?>
<!-- Generated by org.testng.reporters.JUnitReportReporter -->
<testsuite skipped="0" hostname="VGUNASEKARAN" name="com.actitime.tests.LoginLogoutTest" tests="1" failures="0" timestamp="19 Feb 2019 08:33:26 GMT" time="17.229" errors="0">
  <testcase name="LoginLogout" time="17.229" classname="com.actitime.tests.LoginLogoutTest"/>
</testsuite> <!-- com.actitime.tests.LoginLogoutTest -->
